<?xml version="1.0" encoding="UTF-8"?>
<!-- Generated by org.testng.reporters.JUnitReportReporter -->
<testsuite skipped="0" hostname="ITSG001584-MAC" name="testNg_serviceNow.CreateChangeRequest" tests="2" failures="0" timestamp="15 Oct 2018 15:15:47 GMT" time="7.907" errors="0">
  <testcase name="createChangeRequest" time="3.964" classname="testNg_serviceNow.CreateChangeRequest"/>
  <testcase name="createChangeRequest" time="3.943" classname="testNg_serviceNow.CreateChangeRequest"/>
</testsuite> <!-- testNg_serviceNow.CreateChangeRequest -->
