<?xml version="1.0" encoding="UTF-8"?>
<!-- Generated by org.testng.reporters.JUnitReportReporter -->
<testsuite skipped="0" hostname="ITSG001584-MAC.local" name="testNg_Jira.CreateIssue" tests="1" failures="0" timestamp="15 Oct 2018 10:27:20 GMT" time="2.768" errors="0">
  <testcase name="createissue" time="2.768" classname="testNg_Jira.CreateIssue"/>
</testsuite> <!-- testNg_Jira.CreateIssue -->
