<?xml version="1.0" encoding="UTF-8"?>
<!-- Generated by org.testng.reporters.JUnitReportReporter -->
<testsuite skipped="0" hostname="ITSG001584-MAC.local" name="testNg_Jira.DeleteIssue" tests="1" failures="0" timestamp="15 Oct 2018 09:45:56 GMT" time="1.746" errors="0">
  <testcase name="deleteIssue" time="1.746" classname="testNg_Jira.DeleteIssue"/>
</testsuite> <!-- testNg_Jira.DeleteIssue -->
