<?xml version="1.0" encoding="UTF-8"?>
<!-- Generated by org.testng.reporters.JUnitReportReporter -->
<testsuite skipped="0" hostname="ITSG001584-MAC" name="testNg_serviceNow.CreateProblem" tests="1" failures="0" timestamp="17 Oct 2018 10:04:03 GMT" time="4.749" errors="0">
  <testcase name="createProblem" time="4.749" classname="testNg_serviceNow.CreateProblem"/>
</testsuite> <!-- testNg_serviceNow.CreateProblem -->
