<?xml version="1.0" encoding="UTF-8"?>
<!-- Generated by org.testng.reporters.JUnitReportReporter -->
<testsuite skipped="0" hostname="ITSG001584-MAC" name="testNg_serviceNow.DeleteRandomChangeRequest" tests="1" failures="0" timestamp="15 Oct 2018 14:56:59 GMT" time="3.882" errors="0">
  <testcase name="deleteRandomChangeRequest" time="3.882" classname="testNg_serviceNow.DeleteRandomChangeRequest"/>
</testsuite> <!-- testNg_serviceNow.DeleteRandomChangeRequest -->
