<?xml version="1.0" encoding="UTF-8"?>
<!-- Generated by org.testng.reporters.JUnitReportReporter -->
<testsuite skipped="0" hostname="ITSG001584-MAC" name="testNg_serviceNow.GetAllChangeRequests" tests="1" failures="0" timestamp="17 Oct 2018 09:26:54 GMT" time="5.082" errors="0">
  <testcase name="getAllChangeRequests" time="5.082" classname="testNg_serviceNow.GetAllChangeRequests"/>
</testsuite> <!-- testNg_serviceNow.GetAllChangeRequests -->
